  Ball.cpp
C:\Users\gurki\OneDrive\Documents\GAME 230\Breakout\Breakout\Ball.cpp(17,58): warning C4244: 'argument': conversion from 'int' to 'T', possible loss of data
          with
          [
              T=float
          ]
  Brick.cpp
  Game.cpp
C:\Users\gurki\OneDrive\Documents\GAME 230\Breakout\Breakout\Game.cpp(45,61): warning C4244: 'argument': conversion from 'int' to 'T', possible loss of data
          with
          [
              T=float
          ]
  GameObject.cpp
  Level.cpp
  main.cpp
  Paddle.cpp
  SoundManager.cpp
  UIManager.cpp
  Generating code
  Previous IPDB not found, fall back to full compilation.
  All 283 functions were compiled because no usable IPDB/IOBJ from previous compilation was found.
  Finished generating code
  Breakout.vcxproj -> C:\Users\gurki\OneDrive\Documents\GAME 230\Breakout\Breakout\Release\Breakout.exe
